<?xml version="1.0" encoding="UTF-8"?>
<robot generator="Robot 3.2.2 (Python 3.9.1 on win32)" generated="20210303 23:52:20.223" rpa="false">
<suite id="s1" name="Tests" source="C:\GitWorkSpace\Python Project\InfotiveCarRental_Lab2\Tests">
<suite id="s1-s1" name="Login" source="C:\GitWorkSpace\Python Project\InfotiveCarRental_Lab2\Tests\login.robot">
<test id="s1-s1-t1" name="User can login by supplying valid credentials">
<kw name="Navigate to the home page">
<kw name="Open Browser" library="SeleniumLibrary">
<doc>Opens a new browser instance to the optional ``url``.</doc>
<arguments>
<arg>${URL}</arg>
<arg>${BROWSER}</arg>
</arguments>
<msg timestamp="20210303 23:52:20.611" level="INFO">Opening browser 'Chrome' to base url 'http://rental10.infotiv.net/'.</msg>
<status status="PASS" starttime="20210303 23:52:20.611" endtime="20210303 23:52:23.398"></status>
</kw>
<status status="PASS" starttime="20210303 23:52:20.610" endtime="20210303 23:52:23.398"></status>
</kw>
<kw name="Enter Email and Password">
<kw name="Click Element" library="SeleniumLibrary">
<doc>Click the element identified by ``locator``.</doc>
<arguments>
<arg>${LOGIN_TESTBOX}</arg>
</arguments>
<msg timestamp="20210303 23:52:23.402" level="INFO">Clicking element '//*[@id="email"]'.</msg>
<status status="PASS" starttime="20210303 23:52:23.402" endtime="20210303 23:52:23.610"></status>
</kw>
<kw name="Input Text" library="SeleniumLibrary">
<doc>Types the given ``text`` into the text field identified by ``locator``.</doc>
<arguments>
<arg>${LOGIN_TESTBOX}</arg>
<arg>jayashree58@gmail.com</arg>
</arguments>
<msg timestamp="20210303 23:52:23.611" level="INFO">Typing text 'jayashree58@gmail.com' into text field '//*[@id="email"]'.</msg>
<status status="PASS" starttime="20210303 23:52:23.610" endtime="20210303 23:52:23.781"></status>
</kw>
<kw name="Click Element" library="SeleniumLibrary">
<doc>Click the element identified by ``locator``.</doc>
<arguments>
<arg>${PASSWORD_TESTBOX}</arg>
</arguments>
<msg timestamp="20210303 23:52:23.782" level="INFO">Clicking element '//*[@id="password"]'.</msg>
<status status="PASS" starttime="20210303 23:52:23.782" endtime="20210303 23:52:23.857"></status>
</kw>
<kw name="Input Text" library="SeleniumLibrary">
<doc>Types the given ``text`` into the text field identified by ``locator``.</doc>
<arguments>
<arg>${PASSWORD_TESTBOX}</arg>
<arg>ITHS@123</arg>
</arguments>
<msg timestamp="20210303 23:52:23.858" level="INFO">Typing text 'ITHS@123' into text field '//*[@id="password"]'.</msg>
<status status="PASS" starttime="20210303 23:52:23.858" endtime="20210303 23:52:23.936"></status>
</kw>
<status status="PASS" starttime="20210303 23:52:23.401" endtime="20210303 23:52:23.937"></status>
</kw>
<kw name="Click Login Button">
<kw name="Click Element" library="SeleniumLibrary">
<doc>Click the element identified by ``locator``.</doc>
<arguments>
<arg>${LOGIN_BUTTON}</arg>
</arguments>
<msg timestamp="20210303 23:52:23.938" level="INFO">Clicking element '//*[@id="login"]'.</msg>
<status status="PASS" starttime="20210303 23:52:23.938" endtime="20210303 23:52:24.556"></status>
</kw>
<status status="PASS" starttime="20210303 23:52:23.937" endtime="20210303 23:52:24.556"></status>
</kw>
<kw name="Set Selenium Speed" library="SeleniumLibrary">
<doc>Sets the delay that is waited after each Selenium command.</doc>
<arguments>
<arg>1</arg>
</arguments>
<status status="PASS" starttime="20210303 23:52:24.557" endtime="20210303 23:52:24.558"></status>
</kw>
<kw name="Verify Login Success Message">
<kw name="Wait Until Element Is Visible" library="SeleniumLibrary">
<doc>Waits until the element ``locator`` is visible.</doc>
<arguments>
<arg>${SUCCESS_LOGIN-LABLE}</arg>
</arguments>
<status status="PASS" starttime="20210303 23:52:24.562" endtime="20210303 23:52:26.635"></status>
</kw>
<kw name="Element Should Be Visible" library="SeleniumLibrary">
<doc>Verifies that the element identified by ``locator`` is visible.</doc>
<arguments>
<arg>${SUCCESS_LOGIN-LABLE}</arg>
</arguments>
<msg timestamp="20210303 23:52:28.683" level="INFO">Element '//*[@id="welcomePhrase"]' is displayed.</msg>
<status status="PASS" starttime="20210303 23:52:26.635" endtime="20210303 23:52:28.683"></status>
</kw>
<status status="PASS" starttime="20210303 23:52:24.561" endtime="20210303 23:52:28.683"></status>
</kw>
<tags>
<tag>USER_LOGIN</tag>
</tags>
<status status="PASS" starttime="20210303 23:52:20.608" endtime="20210303 23:52:28.683" critical="yes"></status>
</test>
<test id="s1-s1-t2" name="Logout">
<kw name="Click Logout Button">
<kw name="Click Element" library="SeleniumLibrary">
<doc>Click the element identified by ``locator``.</doc>
<arguments>
<arg>${LOGOUT_BUTTON}</arg>
</arguments>
<msg timestamp="20210303 23:52:28.686" level="INFO">Clicking element '//*[@id="logout"]'.</msg>
<status status="PASS" starttime="20210303 23:52:28.686" endtime="20210303 23:52:31.252"></status>
</kw>
<status status="PASS" starttime="20210303 23:52:28.686" endtime="20210303 23:52:31.252"></status>
</kw>
<kw name="Wait Until Page Contains" library="SeleniumLibrary">
<doc>Waits until ``text`` appears on the current page.</doc>
<arguments>
<arg>ABOUT</arg>
</arguments>
<status status="PASS" starttime="20210303 23:52:31.253" endtime="20210303 23:52:32.272"></status>
</kw>
<kw name="Close current browser">
<kw name="Close Browser" library="SeleniumLibrary">
<doc>Closes the current browser.</doc>
<status status="PASS" starttime="20210303 23:52:32.274" endtime="20210303 23:52:35.436"></status>
</kw>
<status status="PASS" starttime="20210303 23:52:32.273" endtime="20210303 23:52:35.437"></status>
</kw>
<doc>Logout from Infotive Car Rental</doc>
<tags>
<tag>Test 2</tag>
</tags>
<status status="PASS" starttime="20210303 23:52:28.685" endtime="20210303 23:52:35.438" critical="yes"></status>
</test>
<doc>This is some basic infor about the whole test suite</doc>
<status status="PASS" starttime="20210303 23:52:20.285" endtime="20210303 23:52:35.446"></status>
</suite>
<suite id="s1-s2" name="User" source="C:\GitWorkSpace\Python Project\InfotiveCarRental_Lab2\Tests\user.robot">
<test id="s1-s2-t1" name="User can access website">
<kw name="Given open browser" library="SeleniumLibrary">
<doc>Opens a new browser instance to the optional ``url``.</doc>
<arguments>
<arg>about: blank</arg>
<arg>chrome</arg>
</arguments>
<msg timestamp="20210303 23:52:35.477" level="INFO">Opening browser 'chrome' to base url 'about: blank'.</msg>
<status status="PASS" starttime="20210303 23:52:35.474" endtime="20210303 23:52:38.406"></status>
</kw>
<kw name="When GO to" library="SeleniumLibrary">
<doc>Navigates the current browser window to the provided ``url``.</doc>
<arguments>
<arg>http://rental10.infotiv.net/</arg>
</arguments>
<msg timestamp="20210303 23:52:38.409" level="INFO">Opening url 'http://rental10.infotiv.net/'</msg>
<status status="PASS" starttime="20210303 23:52:38.408" endtime="20210303 23:52:39.898"></status>
</kw>
<kw name="Then Wait until page contains" library="SeleniumLibrary">
<doc>Waits until ``text`` appears on the current page.</doc>
<arguments>
<arg>When do you want to make your trip?</arg>
</arguments>
<status status="PASS" starttime="20210303 23:52:39.900" endtime="20210303 23:52:40.954"></status>
</kw>
<doc>This is some basic info about the test</doc>
<tags>
<tag>Test 1</tag>
</tags>
<status status="PASS" starttime="20210303 23:52:35.469" endtime="20210303 23:52:40.956" critical="yes"></status>
</test>
<test id="s1-s2-t2" name="Create User">
<kw name="Given Input text" library="SeleniumLibrary">
<doc>Types the given ``text`` into the text field identified by ``locator``.</doc>
<arguments>
<arg>id:email</arg>
<arg>jayashree.bondre@gmail.com</arg>
</arguments>
<msg timestamp="20210303 23:52:40.964" level="INFO">Typing text 'jayashree.bondre@gmail.com' into text field 'id:email'.</msg>
<status status="PASS" starttime="20210303 23:52:40.963" endtime="20210303 23:52:44.269"></status>
</kw>
<kw name="And Input text" library="SeleniumLibrary">
<doc>Types the given ``text`` into the text field identified by ``locator``.</doc>
<arguments>
<arg>id:password</arg>
<arg>ITHS@123</arg>
</arguments>
<msg timestamp="20210303 23:52:44.270" level="INFO">Typing text 'ITHS@123' into text field 'id:password'.</msg>
<status status="PASS" starttime="20210303 23:52:44.269" endtime="20210303 23:52:47.394"></status>
</kw>
<kw name="When Press keys" library="SeleniumLibrary">
<doc>Simulates the user pressing key(s) to an element or on the active browser.</doc>
<arguments>
<arg>id:createUser</arg>
<arg>RETURN</arg>
</arguments>
<msg timestamp="20210303 23:52:47.397" level="INFO">Sending key(s) ('RETURN',) to id:createUser element.</msg>
<msg timestamp="20210303 23:52:50.109" level="INFO">Pressing special key RETURN to element.</msg>
<msg timestamp="20210303 23:52:50.110" level="INFO">Releasing special key RETURN.</msg>
<status status="PASS" starttime="20210303 23:52:47.396" endtime="20210303 23:52:51.130"></status>
</kw>
<kw name="Then Wait until page contains" library="SeleniumLibrary">
<doc>Waits until ``text`` appears on the current page.</doc>
<arguments>
<arg>Create a new user</arg>
</arguments>
<status status="PASS" starttime="20210303 23:52:51.131" endtime="20210303 23:52:52.176"></status>
</kw>
<doc>Create User</doc>
<tags>
<tag>Test 2</tag>
</tags>
<status status="PASS" starttime="20210303 23:52:40.961" endtime="20210303 23:52:52.178" critical="yes"></status>
</test>
<test id="s1-s2-t3" name="Create a new user">
<kw name="Given Input text" library="SeleniumLibrary">
<doc>Types the given ``text`` into the text field identified by ``locator``.</doc>
<arguments>
<arg>id:name</arg>
<arg>Jayashree</arg>
</arguments>
<msg timestamp="20210303 23:52:52.185" level="INFO">Typing text 'Jayashree' into text field 'id:name'.</msg>
<status status="PASS" starttime="20210303 23:52:52.184" endtime="20210303 23:52:55.519"></status>
</kw>
<kw name="And Input text" library="SeleniumLibrary">
<doc>Types the given ``text`` into the text field identified by ``locator``.</doc>
<arguments>
<arg>id:last</arg>
<arg>Bondre</arg>
</arguments>
<msg timestamp="20210303 23:52:55.522" level="INFO">Typing text 'Bondre' into text field 'id:last'.</msg>
<status status="PASS" starttime="20210303 23:52:55.521" endtime="20210303 23:52:58.720"></status>
</kw>
<kw name="And Input text" library="SeleniumLibrary">
<doc>Types the given ``text`` into the text field identified by ``locator``.</doc>
<arguments>
<arg>id:phone</arg>
<arg>1231231274</arg>
</arguments>
<msg timestamp="20210303 23:52:58.722" level="INFO">Typing text '1231231274' into text field 'id:phone'.</msg>
<status status="PASS" starttime="20210303 23:52:58.722" endtime="20210303 23:53:02.086"></status>
</kw>
<kw name="And Input text" library="SeleniumLibrary">
<doc>Types the given ``text`` into the text field identified by ``locator``.</doc>
<arguments>
<arg>id:emailCreate</arg>
<arg>jayashree74@gmail.com</arg>
</arguments>
<msg timestamp="20210303 23:53:02.088" level="INFO">Typing text 'jayashree74@gmail.com' into text field 'id:emailCreate'.</msg>
<status status="PASS" starttime="20210303 23:53:02.087" endtime="20210303 23:53:05.390"></status>
</kw>
<kw name="And Input text" library="SeleniumLibrary">
<doc>Types the given ``text`` into the text field identified by ``locator``.</doc>
<arguments>
<arg>id:confirmEmail</arg>
<arg>jayashree74@gmail.com</arg>
</arguments>
<msg timestamp="20210303 23:53:05.393" level="INFO">Typing text 'jayashree74@gmail.com' into text field 'id:confirmEmail'.</msg>
<status status="PASS" starttime="20210303 23:53:05.392" endtime="20210303 23:53:08.627"></status>
</kw>
<kw name="And Input text" library="SeleniumLibrary">
<doc>Types the given ``text`` into the text field identified by ``locator``.</doc>
<arguments>
<arg>id:passwordCreate</arg>
<arg>ITHS@123</arg>
</arguments>
<msg timestamp="20210303 23:53:08.629" level="INFO">Typing text 'ITHS@123' into text field 'id:passwordCreate'.</msg>
<status status="PASS" starttime="20210303 23:53:08.628" endtime="20210303 23:53:11.972"></status>
</kw>
<kw name="And Input text" library="SeleniumLibrary">
<doc>Types the given ``text`` into the text field identified by ``locator``.</doc>
<arguments>
<arg>id:confirmPassword</arg>
<arg>ITHS@123</arg>
</arguments>
<msg timestamp="20210303 23:53:11.974" level="INFO">Typing text 'ITHS@123' into text field 'id:confirmPassword'.</msg>
<status status="PASS" starttime="20210303 23:53:11.974" endtime="20210303 23:53:15.299"></status>
</kw>
<kw name="When Press keys" library="SeleniumLibrary">
<doc>Simulates the user pressing key(s) to an element or on the active browser.</doc>
<arguments>
<arg>id:create</arg>
<arg>RETURN</arg>
</arguments>
<msg timestamp="20210303 23:53:15.302" level="INFO">Sending key(s) ('RETURN',) to id:create element.</msg>
<msg timestamp="20210303 23:53:18.335" level="INFO">Pressing special key RETURN to element.</msg>
<msg timestamp="20210303 23:53:18.336" level="INFO">Releasing special key RETURN.</msg>
<status status="PASS" starttime="20210303 23:53:15.300" endtime="20210303 23:53:19.358"></status>
</kw>
<kw name="Then Wait until page contains" library="SeleniumLibrary">
<doc>Waits until ``text`` appears on the current page.</doc>
<arguments>
<arg>When do you want to make your trip?</arg>
</arguments>
<status status="PASS" starttime="20210303 23:53:19.359" endtime="20210303 23:53:20.387"></status>
</kw>
<doc>Create a new user</doc>
<tags>
<tag>Test 3</tag>
</tags>
<status status="PASS" starttime="20210303 23:52:52.182" endtime="20210303 23:53:20.389" critical="yes"></status>
</test>
<test id="s1-s2-t4" name="Logout">
<kw name="Press Keys" library="SeleniumLibrary">
<doc>Simulates the user pressing key(s) to an element or on the active browser.</doc>
<arguments>
<arg>id:logout</arg>
<arg>RETURN</arg>
</arguments>
<msg timestamp="20210303 23:53:20.397" level="INFO">Sending key(s) ('RETURN',) to id:logout element.</msg>
<msg timestamp="20210303 23:53:23.184" level="INFO">Pressing special key RETURN to element.</msg>
<msg timestamp="20210303 23:53:23.184" level="INFO">Releasing special key RETURN.</msg>
<status status="PASS" starttime="20210303 23:53:20.395" endtime="20210303 23:53:24.196"></status>
</kw>
<kw name="Wait Until Page Contains" library="SeleniumLibrary">
<doc>Waits until ``text`` appears on the current page.</doc>
<arguments>
<arg>ABOUT</arg>
</arguments>
<status status="PASS" starttime="20210303 23:53:24.197" endtime="20210303 23:53:25.236"></status>
</kw>
<kw name="Close Browser" library="SeleniumLibrary">
<doc>Closes the current browser.</doc>
<status status="PASS" starttime="20210303 23:53:25.237" endtime="20210303 23:53:28.528"></status>
</kw>
<doc>Logout from Infotive Car Rental</doc>
<tags>
<tag>Test 4</tag>
</tags>
<status status="PASS" starttime="20210303 23:53:20.393" endtime="20210303 23:53:28.529" critical="yes"></status>
</test>
<doc>This is the some basic info about the whole test suite.</doc>
<status status="PASS" starttime="20210303 23:52:35.455" endtime="20210303 23:53:28.534"></status>
</suite>
<suite id="s1-s3" name="Webtest" source="C:\GitWorkSpace\Python Project\InfotiveCarRental_Lab2\Tests\webtest.robot">
<test id="s1-s3-t1" name="User can access website">
<kw name="Given open browser" library="SeleniumLibrary">
<doc>Opens a new browser instance to the optional ``url``.</doc>
<arguments>
<arg>about: blank</arg>
<arg>${Browser}</arg>
</arguments>
<msg timestamp="20210303 23:53:28.569" level="INFO">Opening browser 'chrome' to base url 'about: blank'.</msg>
<status status="PASS" starttime="20210303 23:53:28.567" endtime="20210303 23:53:31.446"></status>
</kw>
<kw name="When GO to" library="SeleniumLibrary">
<doc>Navigates the current browser window to the provided ``url``.</doc>
<arguments>
<arg>${URL}</arg>
</arguments>
<msg timestamp="20210303 23:53:31.448" level="INFO">Opening url 'http://rental10.infotiv.net/'</msg>
<status status="PASS" starttime="20210303 23:53:31.447" endtime="20210303 23:53:34.165"></status>
</kw>
<kw name="Then Wait until page contains" library="SeleniumLibrary">
<doc>Waits until ``text`` appears on the current page.</doc>
<arguments>
<arg>When do you want to make your trip?</arg>
</arguments>
<status status="PASS" starttime="20210303 23:53:34.165" endtime="20210303 23:53:35.189"></status>
</kw>
<doc>This is some basic info about the test</doc>
<tags>
<tag>Test 1</tag>
</tags>
<status status="PASS" starttime="20210303 23:53:28.565" endtime="20210303 23:53:35.189" critical="yes"></status>
</test>
<test id="s1-s3-t2" name="Login">
<kw name="Given Input text" library="SeleniumLibrary">
<doc>Types the given ``text`` into the text field identified by ``locator``.</doc>
<arguments>
<arg>id:email</arg>
<arg>jayashree57@gmail.com</arg>
</arguments>
<msg timestamp="20210303 23:53:35.192" level="INFO">Typing text 'jayashree57@gmail.com' into text field 'id:email'.</msg>
<status status="PASS" starttime="20210303 23:53:35.191" endtime="20210303 23:53:38.340"></status>
</kw>
<kw name="And Input text" library="SeleniumLibrary">
<doc>Types the given ``text`` into the text field identified by ``locator``.</doc>
<arguments>
<arg>id:password</arg>
<arg>ITHS@123</arg>
</arguments>
<msg timestamp="20210303 23:53:38.342" level="INFO">Typing text 'ITHS@123' into text field 'id:password'.</msg>
<status status="PASS" starttime="20210303 23:53:38.341" endtime="20210303 23:53:41.663"></status>
</kw>
<kw name="When Press keys" library="SeleniumLibrary">
<doc>Simulates the user pressing key(s) to an element or on the active browser.</doc>
<arguments>
<arg>id:login</arg>
<arg>RETURN</arg>
</arguments>
<msg timestamp="20210303 23:53:41.665" level="INFO">Sending key(s) ('RETURN',) to id:login element.</msg>
<msg timestamp="20210303 23:53:44.665" level="INFO">Pressing special key RETURN to element.</msg>
<msg timestamp="20210303 23:53:44.665" level="INFO">Releasing special key RETURN.</msg>
<status status="PASS" starttime="20210303 23:53:41.664" endtime="20210303 23:53:45.686"></status>
</kw>
<kw name="Then Wait until page contains" library="SeleniumLibrary">
<doc>Waits until ``text`` appears on the current page.</doc>
<arguments>
<arg>When do you want to make your trip?</arg>
</arguments>
<status status="PASS" starttime="20210303 23:53:45.687" endtime="20210303 23:53:46.717"></status>
</kw>
<doc>Login Test</doc>
<tags>
<tag>Test 2</tag>
</tags>
<status status="PASS" starttime="20210303 23:53:35.191" endtime="20210303 23:53:46.719" critical="yes"></status>
</test>
<test id="s1-s3-t3" name="Make your trip">
<kw name="Given Input text" library="SeleniumLibrary">
<doc>Types the given ``text`` into the text field identified by ``locator``.</doc>
<arguments>
<arg>id:start</arg>
<arg>03-19</arg>
</arguments>
<msg timestamp="20210303 23:53:46.727" level="INFO">Typing text '03-19' into text field 'id:start'.</msg>
<status status="PASS" starttime="20210303 23:53:46.726" endtime="20210303 23:53:50.084"></status>
</kw>
<kw name="And Input text" library="SeleniumLibrary">
<doc>Types the given ``text`` into the text field identified by ``locator``.</doc>
<arguments>
<arg>id:end</arg>
<arg>03-19</arg>
</arguments>
<msg timestamp="20210303 23:53:50.086" level="INFO">Typing text '03-19' into text field 'id:end'.</msg>
<status status="PASS" starttime="20210303 23:53:50.085" endtime="20210303 23:53:53.405"></status>
</kw>
<kw name="When Press keys" library="SeleniumLibrary">
<doc>Simulates the user pressing key(s) to an element or on the active browser.</doc>
<arguments>
<arg>id:continue</arg>
<arg>RETURN</arg>
</arguments>
<msg timestamp="20210303 23:53:53.409" level="INFO">Sending key(s) ('RETURN',) to id:continue element.</msg>
<msg timestamp="20210303 23:53:56.570" level="INFO">Pressing special key RETURN to element.</msg>
<msg timestamp="20210303 23:53:56.570" level="INFO">Releasing special key RETURN.</msg>
<status status="PASS" starttime="20210303 23:53:53.407" endtime="20210303 23:53:57.597"></status>
</kw>
<kw name="Then Wait until page contains" library="SeleniumLibrary">
<doc>Waits until ``text`` appears on the current page.</doc>
<arguments>
<arg>What would you like to drive?</arg>
</arguments>
<status status="PASS" starttime="20210303 23:53:57.598" endtime="20210303 23:53:58.647"></status>
</kw>
<doc>Make your trip</doc>
<tags>
<tag>Test 3</tag>
</tags>
<status status="PASS" starttime="20210303 23:53:46.724" endtime="20210303 23:53:58.648" critical="yes"></status>
</test>
<test id="s1-s3-t4" name="Book your trip">
<kw name="Press Keys" library="SeleniumLibrary">
<doc>Simulates the user pressing key(s) to an element or on the active browser.</doc>
<arguments>
<arg>id:bookQ7pass5</arg>
<arg>RETURN</arg>
</arguments>
<msg timestamp="20210303 23:53:58.657" level="INFO">Sending key(s) ('RETURN',) to id:bookQ7pass5 element.</msg>
<msg timestamp="20210303 23:54:01.523" level="INFO">Pressing special key RETURN to element.</msg>
<msg timestamp="20210303 23:54:01.523" level="INFO">Releasing special key RETURN.</msg>
<status status="PASS" starttime="20210303 23:53:58.655" endtime="20210303 23:54:02.542"></status>
</kw>
<kw name="Wait Until Page Contains" library="SeleniumLibrary">
<doc>Waits until ``text`` appears on the current page.</doc>
<arguments>
<arg>Confirm booking</arg>
</arguments>
<status status="PASS" starttime="20210303 23:54:02.544" endtime="20210303 23:54:03.596"></status>
</kw>
<doc>Book your trip</doc>
<tags>
<tag>Test 4</tag>
</tags>
<status status="PASS" starttime="20210303 23:53:58.653" endtime="20210303 23:54:03.597" critical="yes"></status>
</test>
<test id="s1-s3-t5" name="Confirm booking of Tesla">
<kw name="Given Input text" library="SeleniumLibrary">
<doc>Types the given ``text`` into the text field identified by ``locator``.</doc>
<arguments>
<arg>id:cardNum</arg>
<arg>1111222233334444</arg>
</arguments>
<msg timestamp="20210303 23:54:03.607" level="INFO">Typing text '1111222233334444' into text field 'id:cardNum'.</msg>
<status status="PASS" starttime="20210303 23:54:03.606" endtime="20210303 23:54:06.966"></status>
</kw>
<kw name="And Input text" library="SeleniumLibrary">
<doc>Types the given ``text`` into the text field identified by ``locator``.</doc>
<arguments>
<arg>id:fullName</arg>
<arg>Visa</arg>
</arguments>
<msg timestamp="20210303 23:54:06.968" level="INFO">Typing text 'Visa' into text field 'id:fullName'.</msg>
<status status="PASS" starttime="20210303 23:54:06.967" endtime="20210303 23:54:10.299"></status>
</kw>
<kw name="And Input text" library="SeleniumLibrary">
<doc>Types the given ``text`` into the text field identified by ``locator``.</doc>
<arguments>
<arg>id:cvc</arg>
<arg>123</arg>
</arguments>
<msg timestamp="20210303 23:54:10.301" level="INFO">Typing text '123' into text field 'id:cvc'.</msg>
<status status="PASS" starttime="20210303 23:54:10.300" endtime="20210303 23:54:13.603"></status>
</kw>
<kw name="When Press keys" library="SeleniumLibrary">
<doc>Simulates the user pressing key(s) to an element or on the active browser.</doc>
<arguments>
<arg>id:confirm</arg>
<arg>RETURN</arg>
</arguments>
<msg timestamp="20210303 23:54:13.604" level="INFO">Sending key(s) ('RETURN',) to id:confirm element.</msg>
<msg timestamp="20210303 23:54:16.206" level="INFO">Pressing special key RETURN to element.</msg>
<msg timestamp="20210303 23:54:16.207" level="INFO">Releasing special key RETURN.</msg>
<status status="PASS" starttime="20210303 23:54:13.603" endtime="20210303 23:54:17.226"></status>
</kw>
<kw name="Then Wait until page contains" library="SeleniumLibrary">
<doc>Waits until ``text`` appears on the current page.</doc>
<arguments>
<arg>now ready for pickup</arg>
</arguments>
<status status="PASS" starttime="20210303 23:54:17.227" endtime="20210303 23:54:18.278"></status>
</kw>
<doc>Confirm booking</doc>
<tags>
<tag>Test 7</tag>
</tags>
<status status="PASS" starttime="20210303 23:54:03.603" endtime="20210303 23:54:18.279" critical="yes"></status>
</test>
<test id="s1-s3-t6" name="Logout">
<kw name="Press Keys" library="SeleniumLibrary">
<doc>Simulates the user pressing key(s) to an element or on the active browser.</doc>
<arguments>
<arg>id:logout</arg>
<arg>RETURN</arg>
</arguments>
<msg timestamp="20210303 23:54:18.287" level="INFO">Sending key(s) ('RETURN',) to id:logout element.</msg>
<msg timestamp="20210303 23:54:21.131" level="INFO">Pressing special key RETURN to element.</msg>
<msg timestamp="20210303 23:54:21.131" level="INFO">Releasing special key RETURN.</msg>
<status status="PASS" starttime="20210303 23:54:18.285" endtime="20210303 23:54:22.151"></status>
</kw>
<kw name="Wait Until Page Contains" library="SeleniumLibrary">
<doc>Waits until ``text`` appears on the current page.</doc>
<arguments>
<arg>ABOUT</arg>
</arguments>
<status status="PASS" starttime="20210303 23:54:22.152" endtime="20210303 23:54:23.202"></status>
</kw>
<kw name="Close Browser" library="SeleniumLibrary">
<doc>Closes the current browser.</doc>
<status status="PASS" starttime="20210303 23:54:23.204" endtime="20210303 23:54:26.462"></status>
</kw>
<doc>Logout from Infotive Car Rental</doc>
<tags>
<tag>Test 4</tag>
</tags>
<status status="PASS" starttime="20210303 23:54:18.283" endtime="20210303 23:54:26.464" critical="yes"></status>
</test>
<doc>This is the some basic info about the whole test suite.</doc>
<status status="PASS" starttime="20210303 23:53:28.548" endtime="20210303 23:54:26.470"></status>
</suite>
<status status="PASS" starttime="20210303 23:52:20.226" endtime="20210303 23:54:26.493"></status>
</suite>
<statistics>
<total>
<stat pass="12" fail="0">Critical Tests</stat>
<stat pass="12" fail="0">All Tests</stat>
</total>
<tag>
<stat pass="2" fail="0">Test 1</stat>
<stat pass="3" fail="0">Test 2</stat>
<stat pass="2" fail="0">Test 3</stat>
<stat pass="3" fail="0">Test 4</stat>
<stat pass="1" fail="0">Test 7</stat>
<stat pass="1" fail="0">USER_LOGIN</stat>
</tag>
<suite>
<stat pass="12" fail="0" id="s1" name="Tests">Tests</stat>
<stat pass="2" fail="0" id="s1-s1" name="Login">Tests.Login</stat>
<stat pass="4" fail="0" id="s1-s2" name="User">Tests.User</stat>
<stat pass="6" fail="0" id="s1-s3" name="Webtest">Tests.Webtest</stat>
</suite>
</statistics>
<errors>
</errors>
</robot>
